2025-02-02 21:15:35,505 - __main__ - INFO - Loading and preprocessing data...
2025-02-02 21:15:35,510 - __main__ - INFO - Preparing data loaders...
2025-02-02 21:15:35,510 - __main__ - INFO - Extracting text features...
2025-02-02 21:15:35,660 - __main__ - INFO - Extracting behavioral features...
2025-02-02 21:15:35,674 - __main__ - INFO - Training started
2025-02-02 21:16:01,858 - __main__ - INFO - Epoch 1: Train Loss = 0.6931, Val Loss = 0.6844, Val F1 = 0.0000
2025-02-02 21:16:15,718 - __main__ - INFO - Epoch 2: Train Loss = 0.7169, Val Loss = 0.6787, Val F1 = 0.0000
2025-02-02 21:16:29,947 - __main__ - INFO - Epoch 3: Train Loss = 0.6216, Val Loss = 0.6721, Val F1 = 0.0000
2025-02-02 21:16:43,048 - __main__ - INFO - Epoch 4: Train Loss = 0.6325, Val Loss = 0.6655, Val F1 = 0.0000
2025-02-02 21:16:56,892 - __main__ - INFO - Epoch 5: Train Loss = 0.6511, Val Loss = 0.6590, Val F1 = 0.0000
2025-02-02 21:16:56,892 - __main__ - INFO - Early stopping triggered after epoch 5
2025-02-02 21:16:56,892 - __main__ - INFO - Evaluating on test set...
2025-02-02 21:17:03,667 - __main__ - INFO - Test Metrics: {'accuracy': 1.0, 'precision': 1.0, 'recall': 1.0, 'f1': 1.0, 'auc_roc': nan}
2025-02-02 21:17:03,671 - __main__ - INFO - Model saved successfully
2025-02-02 21:17:03,672 - __main__ - INFO - Making predictions for example data...
2025-02-02 21:17:03,817 - __main__ - INFO - Predictions saved to prediction_results.csv
2025-02-02 21:39:50,535 - __main__ - INFO - Loading and preprocessing data...
2025-02-02 21:39:50,540 - __main__ - INFO - Preparing data loaders...
2025-02-02 21:39:50,540 - __main__ - INFO - Extracting text features...
2025-02-02 21:39:50,696 - __main__ - INFO - Extracting behavioral features...
2025-02-02 21:39:50,709 - __main__ - INFO - Training started
2025-02-02 21:40:18,381 - __main__ - INFO - Epoch 1: Train Loss = 0.7494, Val Loss = 0.7316, Val F1 = 0.0000
2025-02-02 21:40:31,666 - __main__ - INFO - Epoch 2: Train Loss = 0.7089, Val Loss = 0.7257, Val F1 = 0.0000
2025-02-02 21:40:45,695 - __main__ - INFO - Epoch 3: Train Loss = 0.6854, Val Loss = 0.7192, Val F1 = 0.0000
2025-02-02 21:40:59,656 - __main__ - INFO - Epoch 4: Train Loss = 0.6586, Val Loss = 0.7117, Val F1 = 0.0000
2025-02-02 21:41:12,837 - __main__ - INFO - Epoch 5: Train Loss = 0.6776, Val Loss = 0.7040, Val F1 = 0.0000
2025-02-02 21:41:12,837 - __main__ - INFO - Early stopping triggered after epoch 5
2025-02-02 21:41:12,838 - __main__ - INFO - Evaluating on test set...
2025-02-02 21:41:19,379 - __main__ - INFO - Test Metrics: {'accuracy': 1.0, 'precision': 1.0, 'recall': 1.0, 'f1': 1.0, 'auc_roc': nan}
2025-02-02 21:41:19,381 - __main__ - INFO - Model saved successfully
2025-02-02 21:41:19,382 - __main__ - INFO - Making predictions for example data...
2025-02-02 21:41:19,532 - __main__ - INFO - Predictions saved to prediction_results.csv
2025-02-02 21:53:17,448 - __main__ - INFO - Loading and preprocessing data...
2025-02-02 21:53:17,452 - __main__ - INFO - Preparing data loaders...
2025-02-02 21:53:17,452 - __main__ - INFO - Extracting text features...
2025-02-02 21:53:17,603 - __main__ - INFO - Extracting behavioral features...
2025-02-02 21:53:17,615 - __main__ - INFO - Training started
2025-02-02 21:53:44,690 - __main__ - INFO - Epoch 1: Train Loss = 0.8002, Val Loss = 0.7048, Val F1 = 0.0000
2025-02-02 21:53:57,841 - __main__ - INFO - Epoch 2: Train Loss = 0.6892, Val Loss = 0.6987, Val F1 = 0.0000
2025-02-02 21:54:10,943 - __main__ - INFO - Epoch 3: Train Loss = 0.7330, Val Loss = 0.6926, Val F1 = 0.0000
2025-02-02 21:54:24,000 - __main__ - INFO - Epoch 4: Train Loss = 0.6931, Val Loss = 0.6865, Val F1 = 0.0000
2025-02-02 21:54:37,137 - __main__ - INFO - Epoch 5: Train Loss = 0.6700, Val Loss = 0.6802, Val F1 = 0.0000
2025-02-02 21:54:37,138 - __main__ - INFO - Early stopping triggered after epoch 5
2025-02-02 21:54:37,138 - __main__ - INFO - Performing comprehensive evaluation...
2025-02-02 21:54:50,593 - __main__ - ERROR - An error occurred: Item wrong length 1 instead of 3.
2025-02-02 22:11:03,002 - __main__ - INFO - Loading and preprocessing data...
2025-02-02 22:11:03,007 - __main__ - INFO - Preparing data loaders...
2025-02-02 22:11:03,008 - __main__ - INFO - Extracting text features...
2025-02-02 22:11:03,153 - __main__ - INFO - Extracting behavioral features...
2025-02-02 22:11:03,164 - __main__ - INFO - Training started
2025-02-02 22:11:29,192 - __main__ - INFO - Epoch 1: Train Loss = 0.6931, Val Loss = 0.7043, Val F1 = 0.0000
2025-02-02 22:11:42,880 - __main__ - INFO - Epoch 2: Train Loss = 0.7089, Val Loss = 0.6968, Val F1 = 0.0000
2025-02-02 22:11:56,415 - __main__ - INFO - Epoch 3: Train Loss = 0.7330, Val Loss = 0.6889, Val F1 = 0.0000
2025-02-02 22:12:09,820 - __main__ - INFO - Epoch 4: Train Loss = 0.6815, Val Loss = 0.6815, Val F1 = 0.0000
2025-02-02 22:12:23,501 - __main__ - INFO - Epoch 5: Train Loss = 0.6624, Val Loss = 0.6744, Val F1 = 0.0000
2025-02-02 22:12:23,501 - __main__ - INFO - Early stopping triggered after epoch 5
2025-02-02 22:12:23,501 - __main__ - INFO - Evaluating on test set...
2025-02-02 22:12:30,091 - __main__ - INFO - Test Metrics: {'accuracy': 0.0, 'precision': 0.0, 'recall': 0.0, 'f1': 0.0, 'auc_roc': nan}
2025-02-02 22:12:30,094 - __main__ - INFO - Model saved successfully
2025-02-02 22:12:30,095 - __main__ - INFO - Making predictions for example data...
2025-02-02 22:12:30,228 - __main__ - INFO - Predictions saved to prediction_results.csv
2025-02-02 22:14:39,954 - __main__ - INFO - Loading and preprocessing data...
2025-02-02 22:14:39,960 - __main__ - INFO - Preparing data loaders...
2025-02-02 22:14:39,961 - __main__ - INFO - Extracting text features...
2025-02-02 22:14:40,154 - __main__ - INFO - Extracting behavioral features...
2025-02-02 22:14:40,173 - __main__ - INFO - Training started
2025-02-02 22:15:07,408 - __main__ - INFO - Epoch 1: Train Loss = 0.7010, Val Loss = 0.7124, Val F1 = 0.0000
2025-02-02 22:15:21,931 - __main__ - INFO - Epoch 2: Train Loss = 0.7010, Val Loss = 0.7066, Val F1 = 0.0000
2025-02-02 22:15:36,475 - __main__ - INFO - Epoch 3: Train Loss = 0.7330, Val Loss = 0.6999, Val F1 = 0.0000
2025-02-02 22:15:51,104 - __main__ - INFO - Epoch 4: Train Loss = 0.6252, Val Loss = 0.6928, Val F1 = 0.0000
2025-02-02 22:16:05,592 - __main__ - INFO - Epoch 5: Train Loss = 0.6252, Val Loss = 0.6857, Val F1 = 0.0000
2025-02-02 22:16:05,593 - __main__ - INFO - Early stopping triggered after epoch 5
2025-02-02 22:16:05,593 - __main__ - INFO - Evaluating on test set...
2025-02-02 22:16:12,460 - __main__ - INFO - Test Metrics: {'accuracy': 0.0, 'precision': 0.0, 'recall': 0.0, 'f1': 0.0, 'auc_roc': nan}
2025-02-02 22:16:12,465 - __main__ - INFO - Model saved successfully
2025-02-02 22:16:12,467 - __main__ - INFO - Making predictions for example data...
2025-02-02 22:16:12,645 - __main__ - INFO - Predictions saved to prediction_results.csv
2025-02-02 22:23:21,843 - __main__ - INFO - Loading and preprocessing data...
2025-02-02 22:23:21,848 - __main__ - INFO - Preparing data loaders...
2025-02-02 22:23:21,848 - __main__ - INFO - Extracting text features...
2025-02-02 22:23:21,995 - __main__ - INFO - Extracting behavioral features...
2025-02-02 22:23:22,007 - __main__ - INFO - Training started
2025-02-02 22:23:40,553 - __main__ - ERROR - An error occurred: DataLoader worker (pid(s) 31904, 15968, 43816, 42956) exited unexpectedly
2025-02-02 22:23:57,492 - __main__ - INFO - Loading and preprocessing data...
2025-02-02 22:23:57,496 - __main__ - INFO - Preparing data loaders...
2025-02-02 22:23:57,496 - __main__ - INFO - Extracting text features...
2025-02-02 22:23:57,639 - __main__ - INFO - Extracting behavioral features...
2025-02-02 22:23:57,653 - __main__ - INFO - Training started
2025-02-02 22:24:24,954 - __main__ - INFO - Epoch 1: Train Loss = 0.7830, Val Loss = 0.6497, Val F1 = 0.0000
2025-02-02 22:24:38,507 - __main__ - INFO - Epoch 2: Train Loss = 0.7577, Val Loss = 0.6427, Val F1 = 0.0000
2025-02-02 22:24:51,825 - __main__ - INFO - Epoch 3: Train Loss = 0.6662, Val Loss = 0.6359, Val F1 = 0.0000
2025-02-02 22:25:05,812 - __main__ - INFO - Epoch 4: Train Loss = 0.6738, Val Loss = 0.6286, Val F1 = 0.0000
2025-02-02 22:25:19,574 - __main__ - INFO - Epoch 5: Train Loss = 0.6738, Val Loss = 0.6213, Val F1 = 0.0000
2025-02-02 22:25:19,575 - __main__ - INFO - Early stopping triggered after epoch 5
2025-02-02 22:25:19,575 - __main__ - INFO - Evaluating on test set...
2025-02-02 22:25:26,191 - __main__ - INFO - Test Metrics: {'accuracy': 0.0, 'precision': 0.0, 'recall': 0.0, 'f1': 0.0, 'auc_roc': nan}
2025-02-02 22:25:26,194 - __main__ - INFO - Model saved successfully
2025-02-02 22:25:26,195 - __main__ - INFO - Making predictions for example data...
2025-02-02 22:25:26,335 - __main__ - INFO - Predictions saved to prediction_results.csv
2025-02-02 22:26:10,476 - __main__ - INFO - Loading and preprocessing data...
2025-02-02 22:26:10,481 - __main__ - INFO - Preparing data loaders...
2025-02-02 22:26:10,481 - __main__ - INFO - Extracting text features...
2025-02-02 22:26:10,632 - __main__ - INFO - Extracting behavioral features...
2025-02-02 22:26:10,644 - __main__ - INFO - Training started
2025-02-02 22:26:37,760 - __main__ - INFO - Epoch 1: Train Loss = 0.6436, Val Loss = 0.6755, Val F1 = 0.0000
2025-02-02 22:26:51,103 - __main__ - INFO - Epoch 2: Train Loss = 0.6107, Val Loss = 0.6702, Val F1 = 0.0000
2025-02-02 22:27:04,691 - __main__ - INFO - Epoch 3: Train Loss = 0.6000, Val Loss = 0.6638, Val F1 = 0.0000
2025-02-02 22:27:18,022 - __main__ - INFO - Epoch 4: Train Loss = 0.6143, Val Loss = 0.6575, Val F1 = 0.0000
2025-02-02 22:27:31,871 - __main__ - INFO - Epoch 5: Train Loss = 0.6252, Val Loss = 0.6514, Val F1 = 0.0000
2025-02-02 22:27:31,872 - __main__ - INFO - Early stopping triggered after epoch 5
2025-02-02 22:27:31,872 - __main__ - INFO - Evaluating on test set...
2025-02-02 22:27:39,068 - __main__ - INFO - Test Metrics: {'accuracy': 0.0, 'precision': 0.0, 'recall': 0.0, 'f1': 0.0, 'auc_roc': nan}
2025-02-02 22:27:39,071 - __main__ - INFO - Model saved successfully
2025-02-02 22:44:01,532 - __main__ - INFO - Loading and preprocessing data...
2025-02-02 22:44:01,535 - __main__ - ERROR - An error occurred: Missing required columns: ['User  ID']
2025-02-02 22:50:56,128 - __main__ - INFO - Loading and preprocessing data...
2025-02-02 22:50:56,132 - __main__ - INFO - Preparing data loaders...
2025-02-02 22:50:56,132 - __main__ - INFO - Extracting text features...
2025-02-02 22:50:56,283 - __main__ - INFO - Extracting behavioral features...
2025-02-02 22:50:56,295 - __main__ - INFO - Starting training...
2025-02-02 22:51:09,679 - __main__ - ERROR - An error occurred: autocast.__init__() got an unexpected keyword argument 'device_type'
2025-02-02 22:52:45,357 - __main__ - INFO - Loading and preprocessing data...
2025-02-02 22:52:45,362 - __main__ - INFO - Preparing data loaders...
2025-02-02 22:52:45,362 - __main__ - INFO - Extracting text features...
2025-02-02 22:52:45,509 - __main__ - INFO - Extracting behavioral features...
2025-02-02 22:52:45,522 - __main__ - INFO - Starting training...
2025-02-02 22:53:05,623 - __main__ - INFO - Epoch 1: Train Loss = 0.7587, Val Loss = 0.6291, Val F1 = 0.0000
2025-02-02 22:53:19,250 - __main__ - INFO - Epoch 2: Train Loss = 0.7217, Val Loss = 0.6246, Val F1 = 0.0000
2025-02-02 22:53:32,458 - __main__ - INFO - Epoch 3: Train Loss = 0.7105, Val Loss = 0.6203, Val F1 = 0.0000
2025-02-02 22:53:45,852 - __main__ - INFO - Epoch 4: Train Loss = 0.6784, Val Loss = 0.6156, Val F1 = 0.0000
2025-02-02 22:53:58,926 - __main__ - INFO - Epoch 5: Train Loss = 0.7100, Val Loss = 0.6107, Val F1 = 0.0000
2025-02-02 22:53:58,927 - __main__ - INFO - Early stopping triggered after epoch 5
2025-02-02 22:53:58,927 - __main__ - INFO - Evaluating on test set...
2025-02-02 22:54:05,366 - __main__ - INFO - Test Metrics: {'accuracy': 0.0, 'precision': 0.0, 'recall': 0.0, 'f1': 0.0, 'auc_roc': nan}
2025-02-02 22:54:05,369 - __main__ - INFO - Model saved successfully
2025-02-02 23:04:19,423 - __main__ - INFO - Loading and preprocessing data...
2025-02-02 23:04:19,427 - __main__ - INFO - Preparing data loaders...
2025-02-02 23:04:19,427 - __main__ - INFO - Extracting text features...
2025-02-02 23:04:19,578 - __main__ - INFO - Extracting behavioral features...
2025-02-02 23:04:19,589 - __main__ - INFO - Starting training...
2025-02-02 23:04:39,163 - __main__ - INFO - Epoch 1: Train Loss = 0.8238, Val Loss = 0.7730, Val F1 = 0.0000
2025-02-02 23:04:52,954 - __main__ - INFO - Epoch 2: Train Loss = 0.8302, Val Loss = 0.7663, Val F1 = 0.0000
2025-02-02 23:04:57,993 - __main__ - ERROR - An error occurred: DataLoader worker (pid(s) 21352, 48196, 33248, 18040) exited unexpectedly
2025-02-02 23:05:20,834 - __main__ - INFO - Loading and preprocessing data...
2025-02-02 23:05:20,838 - __main__ - INFO - Preparing data loaders...
2025-02-02 23:05:20,838 - __main__ - INFO - Extracting text features...
2025-02-02 23:05:20,977 - __main__ - INFO - Extracting behavioral features...
2025-02-02 23:05:20,992 - __main__ - INFO - Starting training...
2025-02-02 23:05:40,413 - __main__ - INFO - Epoch 1: Train Loss = 0.6350, Val Loss = 0.6463, Val F1 = 0.0000
2025-02-02 23:05:53,326 - __main__ - INFO - Epoch 2: Train Loss = 0.6552, Val Loss = 0.6414, Val F1 = 0.0000
2025-02-02 23:06:06,215 - __main__ - INFO - Epoch 3: Train Loss = 0.5709, Val Loss = 0.6354, Val F1 = 0.0000
2025-02-02 23:06:19,156 - __main__ - INFO - Epoch 4: Train Loss = 0.6131, Val Loss = 0.6294, Val F1 = 0.0000
2025-02-02 23:06:32,162 - __main__ - INFO - Epoch 5: Train Loss = 0.5783, Val Loss = 0.6236, Val F1 = 0.0000
2025-02-02 23:06:32,162 - __main__ - INFO - Early stopping triggered after epoch 5
2025-02-02 23:06:32,163 - __main__ - INFO - Evaluating on test set...
2025-02-02 23:06:38,571 - __main__ - INFO - Test Metrics: {'accuracy': 0.0, 'precision': 0.0, 'recall': 0.0, 'f1': 0.0, 'auc_roc': nan}
2025-02-02 23:06:38,574 - __main__ - INFO - Model saved successfully
2025-02-02 23:06:38,575 - __main__ - ERROR - An error occurred: 'post_frequency'
2025-02-02 23:10:08,670 - __main__ - INFO - Loading and preprocessing data...
2025-02-02 23:10:08,687 - __main__ - INFO - Preparing data loaders...
2025-02-02 23:10:08,687 - __main__ - INFO - Extracting text features...
2025-02-02 23:10:08,834 - __main__ - INFO - Extracting behavioral features...
2025-02-02 23:10:08,844 - __main__ - INFO - Starting training...
2025-02-02 23:10:28,794 - __main__ - INFO - Epoch 1: Train Loss = 0.7382, Val Loss = 0.6713, Val F1 = 0.0000
2025-02-02 23:10:41,932 - __main__ - INFO - Epoch 2: Train Loss = 0.6762, Val Loss = 0.6650, Val F1 = 0.0000
2025-02-02 23:10:55,624 - __main__ - INFO - Epoch 3: Train Loss = 0.6610, Val Loss = 0.6580, Val F1 = 0.0000
2025-02-02 23:11:09,178 - __main__ - INFO - Epoch 4: Train Loss = 0.6197, Val Loss = 0.6512, Val F1 = 0.0000
2025-02-02 23:11:22,972 - __main__ - INFO - Epoch 5: Train Loss = 0.5959, Val Loss = 0.6442, Val F1 = 0.0000
2025-02-02 23:11:22,973 - __main__ - INFO - Early stopping triggered after epoch 5
2025-02-02 23:11:22,973 - __main__ - INFO - Evaluating on test set...
2025-02-02 23:11:30,485 - __main__ - INFO - Test Metrics: {'accuracy': 0.0, 'precision': 0.0, 'recall': 0.0, 'f1': 0.0, 'auc_roc': nan}
2025-02-02 23:11:30,489 - __main__ - INFO - Model saved successfully
2025-02-02 23:11:30,490 - __main__ - ERROR - An error occurred: 'follower_impact'
2025-02-02 23:13:08,160 - __main__ - INFO - Loading and preprocessing data...
2025-02-02 23:13:08,175 - __main__ - INFO - Preparing data loaders...
2025-02-02 23:13:08,175 - __main__ - INFO - Extracting text features...
2025-02-02 23:13:08,370 - __main__ - INFO - Extracting behavioral features...
2025-02-02 23:13:08,386 - __main__ - INFO - Starting training...
2025-02-02 23:13:28,056 - __main__ - INFO - Epoch 1: Train Loss = 0.7431, Val Loss = 0.6892, Val F1 = 0.0000
2025-02-02 23:13:41,419 - __main__ - INFO - Epoch 2: Train Loss = 0.6770, Val Loss = 0.6827, Val F1 = 0.0000
2025-02-02 23:13:54,826 - __main__ - INFO - Epoch 3: Train Loss = 0.6792, Val Loss = 0.6766, Val F1 = 0.0000
2025-02-02 23:14:08,432 - __main__ - INFO - Epoch 4: Train Loss = 0.7502, Val Loss = 0.6703, Val F1 = 0.0000
2025-02-02 23:14:22,067 - __main__ - INFO - Epoch 5: Train Loss = 0.6815, Val Loss = 0.6639, Val F1 = 0.0000
2025-02-02 23:14:22,068 - __main__ - INFO - Early stopping triggered after epoch 5
2025-02-02 23:14:22,068 - __main__ - INFO - Evaluating on test set...
2025-02-02 23:14:28,743 - __main__ - INFO - Test Metrics: {'accuracy': 0.0, 'precision': 0.0, 'recall': 0.0, 'f1': 0.0, 'auc_roc': nan}
2025-02-02 23:14:28,748 - __main__ - INFO - Model saved successfully
2025-02-02 23:14:28,749 - __main__ - ERROR - An error occurred: 'is_verified'
2025-02-02 23:16:51,762 - __main__ - INFO - Loading and preprocessing data...
2025-02-02 23:16:51,770 - __main__ - INFO - Preparing data loaders...
2025-02-02 23:16:51,770 - __main__ - INFO - Extracting text features...
2025-02-02 23:16:51,969 - __main__ - INFO - Extracting behavioral features...
2025-02-02 23:16:51,988 - __main__ - INFO - Training started
2025-02-02 23:17:20,677 - __main__ - INFO - Epoch 1: Train Loss = 0.6071, Val Loss = 0.6871, Val F1 = 0.0000
2025-02-02 23:17:34,249 - __main__ - INFO - Epoch 2: Train Loss = 0.7169, Val Loss = 0.6814, Val F1 = 0.0000
2025-02-02 23:17:47,852 - __main__ - INFO - Epoch 3: Train Loss = 0.6473, Val Loss = 0.6751, Val F1 = 0.0000
2025-02-02 23:18:01,718 - __main__ - INFO - Epoch 4: Train Loss = 0.6399, Val Loss = 0.6685, Val F1 = 0.0000
2025-02-02 23:18:16,135 - __main__ - INFO - Epoch 5: Train Loss = 0.6143, Val Loss = 0.6619, Val F1 = 0.0000
2025-02-02 23:18:16,135 - __main__ - INFO - Early stopping triggered after epoch 5
2025-02-02 23:18:16,135 - __main__ - INFO - Evaluating on test set...
2025-02-02 23:18:23,400 - __main__ - INFO - Test Metrics: {'accuracy': 1.0, 'precision': 1.0, 'recall': 1.0, 'f1': 1.0, 'auc_roc': nan}
2025-02-02 23:18:23,404 - __main__ - INFO - Model saved successfully
